<?xml version="1.0" encoding="UTF-8"?>
<testng-results ignored="1" total="2" passed="1" failed="0" skipped="0">
  <reporter-output>
  </reporter-output>
  <suite started-at="2022-04-19T21:26:24 IST" name="Suite" finished-at="2022-04-19T21:26:34 IST" duration-ms="9391">
    <groups>
    </groups>
    <test started-at="2022-04-19T21:26:24 IST" name="Test" finished-at="2022-04-19T21:26:34 IST" duration-ms="9391">
      <class name="com.testng.Testing2">
        <test-method is-config="true" signature="check()[pri:0, instance:com.testng.Testing2@42e99e4a]" started-at="2022-04-19T21:26:24 IST" name="check" finished-at="2022-04-19T21:26:33 IST" duration-ms="8699" status="PASS">
          <reporter-output>
          </reporter-output>
        </test-method> <!-- check -->
        <test-method signature="m1()[pri:0, instance:com.testng.Testing2@42e99e4a]" started-at="2022-04-19T21:26:33 IST" name="m1" finished-at="2022-04-19T21:26:34 IST" duration-ms="599" status="PASS">
          <reporter-output>
          </reporter-output>
        </test-method> <!-- m1 -->
      </class> <!-- com.testng.Testing2 -->
    </test> <!-- Test -->
  </suite> <!-- Suite -->
</testng-results>
